<?xml version="1.0" encoding="UTF-8"?>
<testng-results ignored="0" total="3" passed="3" failed="0" skipped="0">
  <reporter-output>
  </reporter-output>
  <suite started-at="2021-04-28T19:08:00 EDT" name="Default suite" finished-at="2021-04-28T19:08:53 EDT" duration-ms="53038">
    <groups>
      <group name="cucumber">
        <method signature="AbstractTestNGCucumberTests.runScenario(io.cucumber.testng.PickleWrapper, io.cucumber.testng.FeatureWrapper)[pri:0, instance:com.automation.TestRunner@5fbdfdcf]" name="runScenario" class="io.cucumber.testng.AbstractTestNGCucumberTests"/>
      </group> <!-- cucumber -->
    </groups>
    <test started-at="2021-04-28T19:08:00 EDT" name="Default test" finished-at="2021-04-28T19:08:53 EDT" duration-ms="53038">
      <class name="com.automation.TestRunner">
        <test-method is-config="true" signature="setUpClass()[pri:0, instance:com.automation.TestRunner@5fbdfdcf]" started-at="2021-04-28T19:08:00 EDT" name="setUpClass" finished-at="2021-04-28T19:08:01 EDT" duration-ms="1651" status="PASS">
          <reporter-output>
          </reporter-output>
        </test-method> <!-- setUpClass -->
        <test-method signature="runScenario(io.cucumber.testng.PickleWrapper, io.cucumber.testng.FeatureWrapper)[pri:0, instance:com.automation.TestRunner@5fbdfdcf]" started-at="2021-04-28T19:08:01 EDT" name="runScenario" description="Runs Cucumber Scenarios" data-provider="scenarios" finished-at="2021-04-28T19:08:22 EDT" duration-ms="20469" status="PASS">
          <params>
            <param index="0">
              <value>
                <![CDATA["Add emplyoee"]]>
              </value>
            </param>
            <param index="1">
              <value>
                <![CDATA["Optional[OrangeHRM feature]"]]>
              </value>
            </param>
          </params>
          <reporter-output>
          </reporter-output>
        </test-method> <!-- runScenario -->
        <test-method signature="runScenario(io.cucumber.testng.PickleWrapper, io.cucumber.testng.FeatureWrapper)[pri:0, instance:com.automation.TestRunner@5fbdfdcf]" started-at="2021-04-28T19:08:22 EDT" name="runScenario" description="Runs Cucumber Scenarios" data-provider="scenarios" finished-at="2021-04-28T19:08:36 EDT" duration-ms="14376" status="PASS">
          <params>
            <param index="0">
              <value>
                <![CDATA["Edit emplyoee"]]>
              </value>
            </param>
            <param index="1">
              <value>
                <![CDATA["Optional[OrangeHRM feature]"]]>
              </value>
            </param>
          </params>
          <reporter-output>
          </reporter-output>
        </test-method> <!-- runScenario -->
        <test-method signature="runScenario(io.cucumber.testng.PickleWrapper, io.cucumber.testng.FeatureWrapper)[pri:0, instance:com.automation.TestRunner@5fbdfdcf]" started-at="2021-04-28T19:08:36 EDT" name="runScenario" description="Runs Cucumber Scenarios" data-provider="scenarios" finished-at="2021-04-28T19:08:52 EDT" duration-ms="16262" status="PASS">
          <params>
            <param index="0">
              <value>
                <![CDATA["Delete emplyoee"]]>
              </value>
            </param>
            <param index="1">
              <value>
                <![CDATA["Optional[OrangeHRM feature]"]]>
              </value>
            </param>
          </params>
          <reporter-output>
          </reporter-output>
        </test-method> <!-- runScenario -->
        <test-method is-config="true" signature="tearDownClass()[pri:0, instance:com.automation.TestRunner@5fbdfdcf]" started-at="2021-04-28T19:08:52 EDT" name="tearDownClass" finished-at="2021-04-28T19:08:53 EDT" duration-ms="150" status="PASS">
          <reporter-output>
          </reporter-output>
        </test-method> <!-- tearDownClass -->
      </class> <!-- com.automation.TestRunner -->
    </test> <!-- Default test -->
  </suite> <!-- Default suite -->
</testng-results>
