<?xml version="1.0" encoding="UTF-8"?>
<!-- Generated by org.testng.reporters.JUnitXMLReporter -->
<testsuite ignored="0" hostname="Bala" failures="0" tests="3" name="Test" time="0.148" errors="0" timestamp="2021-04-23T15:41:39 EDT">
  <testcase classname="com.automation.TestNG" name="addemplyoee" time="0.022"/>
  <testcase classname="com.automation.TestNG" name="editemplyoee" time="0.007"/>
  <testcase classname="com.automation.TestNG" name="deleteemplyoee" time="0.003"/>
</testsuite> <!-- Test -->
